18:53:02,041   INFO logTest:34 : clean idle session:0
 18:53:02,049   INFO logTest:35 : session size:1
 18:58:02,040   INFO logTest:34 : clean idle session:1
 18:58:02,040   INFO logTest:35 : session size:1
 19:05:57,223  ERROR logTest:100 : 远程主机强迫关闭了一个现有的连接。
 java.io.IOException: 远程主机强迫关闭了一个现有的连接。
	at sun.nio.ch.SocketDispatcher.write0(Native Method)
	at sun.nio.ch.SocketDispatcher.write(SocketDispatcher.java:33)
	at sun.nio.ch.IOUtil.writeFromNativeBuffer(IOUtil.java:104)
	at sun.nio.ch.IOUtil.write(IOUtil.java:75)
	at sun.nio.ch.SocketChannelImpl.write(SocketChannelImpl.java:334)
	at com.nku.nioserver.Response.send(Response.java:21)
	at com.nku.nioserver.Writer.write(Writer.java:56)
	at com.nku.nioserver.Writer.run(Writer.java:33)
	at java.lang.Thread.run(Thread.java:619)
19:20:36,951  ERROR logTest:767 : You have an error in your SQL syntax; check the manual that corresponds to your MySQL server version for the right syntax to use near '?' at line 1
 com.mysql.jdbc.exceptions.MySQLSyntaxErrorException: You have an error in your SQL syntax; check the manual that corresponds to your MySQL server version for the right syntax to use near '?' at line 1
	at com.mysql.jdbc.SQLError.createSQLException(SQLError.java:936)
	at com.mysql.jdbc.MysqlIO.checkErrorPacket(MysqlIO.java:2985)
	at com.mysql.jdbc.MysqlIO.sendCommand(MysqlIO.java:1631)
	at com.mysql.jdbc.MysqlIO.sqlQueryDirect(MysqlIO.java:1723)
	at com.mysql.jdbc.Connection.execSQL(Connection.java:3277)
	at com.mysql.jdbc.Connection.execSQL(Connection.java:3206)
	at com.mysql.jdbc.Statement.executeQuery(Statement.java:1232)
	at org.apache.commons.dbcp.DelegatingStatement.executeQuery(DelegatingStatement.java:208)
	at org.apache.commons.dbcp.DelegatingStatement.executeQuery(DelegatingStatement.java:208)
	at com.nku.dao.AuthenticationDao.getAccountInfo(AuthenticationDao.java:755)
	at com.nku.nioserver.TaskHandler.getAccountState(TaskHandler.java:411)
	at com.nku.nioserver.TaskHandler.handleTask(TaskHandler.java:85)
	at com.nku.nioserver.TaskHandler.run(TaskHandler.java:40)
	at java.lang.Thread.run(Thread.java:619)
19:20:36,964  ERROR logTest:767 : You have an error in your SQL syntax; check the manual that corresponds to your MySQL server version for the right syntax to use near '?' at line 1
 com.mysql.jdbc.exceptions.MySQLSyntaxErrorException: You have an error in your SQL syntax; check the manual that corresponds to your MySQL server version for the right syntax to use near '?' at line 1
	at com.mysql.jdbc.SQLError.createSQLException(SQLError.java:936)
	at com.mysql.jdbc.MysqlIO.checkErrorPacket(MysqlIO.java:2985)
	at com.mysql.jdbc.MysqlIO.sendCommand(MysqlIO.java:1631)
	at com.mysql.jdbc.MysqlIO.sqlQueryDirect(MysqlIO.java:1723)
	at com.mysql.jdbc.Connection.execSQL(Connection.java:3277)
	at com.mysql.jdbc.Connection.execSQL(Connection.java:3206)
	at com.mysql.jdbc.Statement.executeQuery(Statement.java:1232)
	at org.apache.commons.dbcp.DelegatingStatement.executeQuery(DelegatingStatement.java:208)
	at org.apache.commons.dbcp.DelegatingStatement.executeQuery(DelegatingStatement.java:208)
	at com.nku.dao.AuthenticationDao.getAccountInfo(AuthenticationDao.java:755)
	at com.nku.nioserver.TaskHandler.getAccountState(TaskHandler.java:411)
	at com.nku.nioserver.TaskHandler.handleTask(TaskHandler.java:85)
	at com.nku.nioserver.TaskHandler.run(TaskHandler.java:40)
	at java.lang.Thread.run(Thread.java:619)
19:22:48,107  ERROR logTest:767 : You have an error in your SQL syntax; check the manual that corresponds to your MySQL server version for the right syntax to use near '?' at line 1
 com.mysql.jdbc.exceptions.MySQLSyntaxErrorException: You have an error in your SQL syntax; check the manual that corresponds to your MySQL server version for the right syntax to use near '?' at line 1
	at com.mysql.jdbc.SQLError.createSQLException(SQLError.java:936)
	at com.mysql.jdbc.MysqlIO.checkErrorPacket(MysqlIO.java:2985)
	at com.mysql.jdbc.MysqlIO.sendCommand(MysqlIO.java:1631)
	at com.mysql.jdbc.MysqlIO.sqlQueryDirect(MysqlIO.java:1723)
	at com.mysql.jdbc.Connection.execSQL(Connection.java:3277)
	at com.mysql.jdbc.Connection.execSQL(Connection.java:3206)
	at com.mysql.jdbc.Statement.executeQuery(Statement.java:1232)
	at org.apache.commons.dbcp.DelegatingStatement.executeQuery(DelegatingStatement.java:208)
	at org.apache.commons.dbcp.DelegatingStatement.executeQuery(DelegatingStatement.java:208)
	at com.nku.dao.AuthenticationDao.getAccountInfo(AuthenticationDao.java:755)
	at com.nku.nioserver.TaskHandler.getAccountState(TaskHandler.java:411)
	at com.nku.nioserver.TaskHandler.handleTask(TaskHandler.java:85)
	at com.nku.nioserver.TaskHandler.run(TaskHandler.java:40)
	at java.lang.Thread.run(Thread.java:619)
19:22:48,118  ERROR logTest:767 : You have an error in your SQL syntax; check the manual that corresponds to your MySQL server version for the right syntax to use near '?' at line 1
 com.mysql.jdbc.exceptions.MySQLSyntaxErrorException: You have an error in your SQL syntax; check the manual that corresponds to your MySQL server version for the right syntax to use near '?' at line 1
	at com.mysql.jdbc.SQLError.createSQLException(SQLError.java:936)
	at com.mysql.jdbc.MysqlIO.checkErrorPacket(MysqlIO.java:2985)
	at com.mysql.jdbc.MysqlIO.sendCommand(MysqlIO.java:1631)
	at com.mysql.jdbc.MysqlIO.sqlQueryDirect(MysqlIO.java:1723)
	at com.mysql.jdbc.Connection.execSQL(Connection.java:3277)
	at com.mysql.jdbc.Connection.execSQL(Connection.java:3206)
	at com.mysql.jdbc.Statement.executeQuery(Statement.java:1232)
	at org.apache.commons.dbcp.DelegatingStatement.executeQuery(DelegatingStatement.java:208)
	at org.apache.commons.dbcp.DelegatingStatement.executeQuery(DelegatingStatement.java:208)
	at com.nku.dao.AuthenticationDao.getAccountInfo(AuthenticationDao.java:755)
	at com.nku.nioserver.TaskHandler.getAccountState(TaskHandler.java:411)
	at com.nku.nioserver.TaskHandler.handleTask(TaskHandler.java:85)
	at com.nku.nioserver.TaskHandler.run(TaskHandler.java:40)
	at java.lang.Thread.run(Thread.java:619)
19:24:15,148  ERROR logTest:767 : You have an error in your SQL syntax; check the manual that corresponds to your MySQL server version for the right syntax to use near '?' at line 1
 com.mysql.jdbc.exceptions.MySQLSyntaxErrorException: You have an error in your SQL syntax; check the manual that corresponds to your MySQL server version for the right syntax to use near '?' at line 1
	at com.mysql.jdbc.SQLError.createSQLException(SQLError.java:936)
	at com.mysql.jdbc.MysqlIO.checkErrorPacket(MysqlIO.java:2985)
	at com.mysql.jdbc.MysqlIO.sendCommand(MysqlIO.java:1631)
	at com.mysql.jdbc.MysqlIO.sqlQueryDirect(MysqlIO.java:1723)
	at com.mysql.jdbc.Connection.execSQL(Connection.java:3277)
	at com.mysql.jdbc.Connection.execSQL(Connection.java:3206)
	at com.mysql.jdbc.Statement.executeQuery(Statement.java:1232)
	at org.apache.commons.dbcp.DelegatingStatement.executeQuery(DelegatingStatement.java:208)
	at org.apache.commons.dbcp.DelegatingStatement.executeQuery(DelegatingStatement.java:208)
	at com.nku.dao.AuthenticationDao.getAccountInfo(AuthenticationDao.java:755)
	at com.nku.nioserver.TaskHandler.getAccountState(TaskHandler.java:411)
	at com.nku.nioserver.TaskHandler.handleTask(TaskHandler.java:85)
	at com.nku.nioserver.TaskHandler.run(TaskHandler.java:40)
	at java.lang.Thread.run(Thread.java:619)
19:24:35,123  ERROR logTest:767 : You have an error in your SQL syntax; check the manual that corresponds to your MySQL server version for the right syntax to use near '?' at line 1
 com.mysql.jdbc.exceptions.MySQLSyntaxErrorException: You have an error in your SQL syntax; check the manual that corresponds to your MySQL server version for the right syntax to use near '?' at line 1
	at com.mysql.jdbc.SQLError.createSQLException(SQLError.java:936)
	at com.mysql.jdbc.MysqlIO.checkErrorPacket(MysqlIO.java:2985)
	at com.mysql.jdbc.MysqlIO.sendCommand(MysqlIO.java:1631)
	at com.mysql.jdbc.MysqlIO.sqlQueryDirect(MysqlIO.java:1723)
	at com.mysql.jdbc.Connection.execSQL(Connection.java:3277)
	at com.mysql.jdbc.Connection.execSQL(Connection.java:3206)
	at com.mysql.jdbc.Statement.executeQuery(Statement.java:1232)
	at org.apache.commons.dbcp.DelegatingStatement.executeQuery(DelegatingStatement.java:208)
	at org.apache.commons.dbcp.DelegatingStatement.executeQuery(DelegatingStatement.java:208)
	at com.nku.dao.AuthenticationDao.getAccountInfo(AuthenticationDao.java:755)
	at com.nku.nioserver.TaskHandler.getAccountState(TaskHandler.java:411)
	at com.nku.nioserver.TaskHandler.handleTask(TaskHandler.java:85)
	at com.nku.nioserver.TaskHandler.run(TaskHandler.java:40)
	at java.lang.Thread.run(Thread.java:619)
19:24:54,833  ERROR logTest:767 : You have an error in your SQL syntax; check the manual that corresponds to your MySQL server version for the right syntax to use near '?' at line 1
 com.mysql.jdbc.exceptions.MySQLSyntaxErrorException: You have an error in your SQL syntax; check the manual that corresponds to your MySQL server version for the right syntax to use near '?' at line 1
	at com.mysql.jdbc.SQLError.createSQLException(SQLError.java:936)
	at com.mysql.jdbc.MysqlIO.checkErrorPacket(MysqlIO.java:2985)
	at com.mysql.jdbc.MysqlIO.sendCommand(MysqlIO.java:1631)
	at com.mysql.jdbc.MysqlIO.sqlQueryDirect(MysqlIO.java:1723)
	at com.mysql.jdbc.Connection.execSQL(Connection.java:3277)
	at com.mysql.jdbc.Connection.execSQL(Connection.java:3206)
	at com.mysql.jdbc.Statement.executeQuery(Statement.java:1232)
	at org.apache.commons.dbcp.DelegatingStatement.executeQuery(DelegatingStatement.java:208)
	at org.apache.commons.dbcp.DelegatingStatement.executeQuery(DelegatingStatement.java:208)
	at com.nku.dao.AuthenticationDao.getAccountInfo(AuthenticationDao.java:755)
	at com.nku.nioserver.TaskHandler.getAccountState(TaskHandler.java:411)
	at com.nku.nioserver.TaskHandler.handleTask(TaskHandler.java:85)
	at com.nku.nioserver.TaskHandler.run(TaskHandler.java:40)
	at java.lang.Thread.run(Thread.java:619)
19:25:34,705   INFO logTest:34 : clean idle session:0
 19:25:34,706   INFO logTest:35 : session size:15
 19:26:02,827  ERROR logTest:768 : You have an error in your SQL syntax; check the manual that corresponds to your MySQL server version for the right syntax to use near '?' at line 1
 com.mysql.jdbc.exceptions.MySQLSyntaxErrorException: You have an error in your SQL syntax; check the manual that corresponds to your MySQL server version for the right syntax to use near '?' at line 1
	at com.mysql.jdbc.SQLError.createSQLException(SQLError.java:936)
	at com.mysql.jdbc.MysqlIO.checkErrorPacket(MysqlIO.java:2985)
	at com.mysql.jdbc.MysqlIO.sendCommand(MysqlIO.java:1631)
	at com.mysql.jdbc.MysqlIO.sqlQueryDirect(MysqlIO.java:1723)
	at com.mysql.jdbc.Connection.execSQL(Connection.java:3277)
	at com.mysql.jdbc.Connection.execSQL(Connection.java:3206)
	at com.mysql.jdbc.Statement.executeQuery(Statement.java:1232)
	at org.apache.commons.dbcp.DelegatingStatement.executeQuery(DelegatingStatement.java:208)
	at org.apache.commons.dbcp.DelegatingStatement.executeQuery(DelegatingStatement.java:208)
	at com.nku.dao.AuthenticationDao.getAccountInfo(AuthenticationDao.java:756)
	at com.nku.nioserver.TaskHandler.getAccountState(TaskHandler.java:411)
	at com.nku.nioserver.TaskHandler.handleTask(TaskHandler.java:85)
	at com.nku.nioserver.TaskHandler.run(TaskHandler.java:40)
	at java.lang.Thread.run(Thread.java:619)
19:26:02,840  ERROR logTest:768 : You have an error in your SQL syntax; check the manual that corresponds to your MySQL server version for the right syntax to use near '?' at line 1
 com.mysql.jdbc.exceptions.MySQLSyntaxErrorException: You have an error in your SQL syntax; check the manual that corresponds to your MySQL server version for the right syntax to use near '?' at line 1
	at com.mysql.jdbc.SQLError.createSQLException(SQLError.java:936)
	at com.mysql.jdbc.MysqlIO.checkErrorPacket(MysqlIO.java:2985)
	at com.mysql.jdbc.MysqlIO.sendCommand(MysqlIO.java:1631)
	at com.mysql.jdbc.MysqlIO.sqlQueryDirect(MysqlIO.java:1723)
	at com.mysql.jdbc.Connection.execSQL(Connection.java:3277)
	at com.mysql.jdbc.Connection.execSQL(Connection.java:3206)
	at com.mysql.jdbc.Statement.executeQuery(Statement.java:1232)
	at org.apache.commons.dbcp.DelegatingStatement.executeQuery(DelegatingStatement.java:208)
	at org.apache.commons.dbcp.DelegatingStatement.executeQuery(DelegatingStatement.java:208)
	at com.nku.dao.AuthenticationDao.getAccountInfo(AuthenticationDao.java:756)
	at com.nku.nioserver.TaskHandler.getAccountState(TaskHandler.java:411)
	at com.nku.nioserver.TaskHandler.handleTask(TaskHandler.java:85)
	at com.nku.nioserver.TaskHandler.run(TaskHandler.java:40)
	at java.lang.Thread.run(Thread.java:619)
19:27:02,367  ERROR logTest:767 : You have an error in your SQL syntax; check the manual that corresponds to your MySQL server version for the right syntax to use near '?' at line 1
 com.mysql.jdbc.exceptions.MySQLSyntaxErrorException: You have an error in your SQL syntax; check the manual that corresponds to your MySQL server version for the right syntax to use near '?' at line 1
	at com.mysql.jdbc.SQLError.createSQLException(SQLError.java:936)
	at com.mysql.jdbc.MysqlIO.checkErrorPacket(MysqlIO.java:2985)
	at com.mysql.jdbc.MysqlIO.sendCommand(MysqlIO.java:1631)
	at com.mysql.jdbc.MysqlIO.sqlQueryDirect(MysqlIO.java:1723)
	at com.mysql.jdbc.Connection.execSQL(Connection.java:3277)
	at com.mysql.jdbc.Connection.execSQL(Connection.java:3206)
	at com.mysql.jdbc.Statement.executeQuery(Statement.java:1232)
	at org.apache.commons.dbcp.DelegatingStatement.executeQuery(DelegatingStatement.java:208)
	at org.apache.commons.dbcp.DelegatingStatement.executeQuery(DelegatingStatement.java:208)
	at com.nku.dao.AuthenticationDao.getAccountInfo(AuthenticationDao.java:755)
	at com.nku.nioserver.TaskHandler.getAccountState(TaskHandler.java:411)
	at com.nku.nioserver.TaskHandler.handleTask(TaskHandler.java:85)
	at com.nku.nioserver.TaskHandler.run(TaskHandler.java:40)
	at java.lang.Thread.run(Thread.java:619)
19:27:02,380  ERROR logTest:767 : You have an error in your SQL syntax; check the manual that corresponds to your MySQL server version for the right syntax to use near '?' at line 1
 com.mysql.jdbc.exceptions.MySQLSyntaxErrorException: You have an error in your SQL syntax; check the manual that corresponds to your MySQL server version for the right syntax to use near '?' at line 1
	at com.mysql.jdbc.SQLError.createSQLException(SQLError.java:936)
	at com.mysql.jdbc.MysqlIO.checkErrorPacket(MysqlIO.java:2985)
	at com.mysql.jdbc.MysqlIO.sendCommand(MysqlIO.java:1631)
	at com.mysql.jdbc.MysqlIO.sqlQueryDirect(MysqlIO.java:1723)
	at com.mysql.jdbc.Connection.execSQL(Connection.java:3277)
	at com.mysql.jdbc.Connection.execSQL(Connection.java:3206)
	at com.mysql.jdbc.Statement.executeQuery(Statement.java:1232)
	at org.apache.commons.dbcp.DelegatingStatement.executeQuery(DelegatingStatement.java:208)
	at org.apache.commons.dbcp.DelegatingStatement.executeQuery(DelegatingStatement.java:208)
	at com.nku.dao.AuthenticationDao.getAccountInfo(AuthenticationDao.java:755)
	at com.nku.nioserver.TaskHandler.getAccountState(TaskHandler.java:411)
	at com.nku.nioserver.TaskHandler.handleTask(TaskHandler.java:85)
	at com.nku.nioserver.TaskHandler.run(TaskHandler.java:40)
	at java.lang.Thread.run(Thread.java:619)
19:44:12,701   INFO logTest:34 : clean idle session:0
 19:44:12,706   INFO logTest:35 : session size:5
 19:49:12,701   INFO logTest:34 : clean idle session:5
 19:49:12,701   INFO logTest:35 : session size:0
 19:54:12,700   INFO logTest:34 : clean idle session:0
 19:54:12,700   INFO logTest:35 : session size:10
 20:04:57,991   INFO logTest:34 : clean idle session:0
 20:04:57,993   INFO logTest:35 : session size:10
 